<?xml version="1.0" encoding="UTF-8"?>
<!-- Generated by org.testng.reporters.JUnitReportReporter -->
<testsuite hostname="Chandani" name="unitTest.TestBrowserFactory" tests="1" failures="0" timestamp="13 Oct 2018 05:06:33 GMT" time="6.535" errors="0">
  <testcase name="checkInstance" time="6.535" classname="unitTest.TestBrowserFactory"/>
</testsuite> <!-- unitTest.TestBrowserFactory -->
