<?xml version="1.0" encoding="UTF-8"?>
<!-- Generated by org.testng.reporters.JUnitReportReporter -->
<testsuite hostname="Chandani" name="testCases.SeleniumGridOnCloud" tests="1" failures="0" timestamp="28 Oct 2018 04:23:25 GMT" time="37.009" errors="0">
  <testcase name="test1" time="37.009" classname="testCases.SeleniumGridOnCloud"/>
</testsuite> <!-- testCases.SeleniumGridOnCloud -->
