<?xml version="1.0" encoding="UTF-8"?>
<!-- Generated by org.testng.reporters.JUnitReportReporter -->
<testsuite hostname="Chandani" name="unitTest.TestConfigFile" tests="2" failures="0" timestamp="13 Oct 2018 05:06:33 GMT" time="0.007" errors="0">
  <testcase name="checkInstance1" time="0.002" classname="unitTest.TestConfigFile"/>
  <testcase name="checkInstance" time="0.005" classname="unitTest.TestConfigFile"/>
</testsuite> <!-- unitTest.TestConfigFile -->
