<?xml version="1.0" encoding="UTF-8"?>
<!-- Generated by org.testng.reporters.JUnitReportReporter -->
<testsuite hostname="Chandani" name="unitTest.TestExcelFile" tests="2" failures="0" timestamp="13 Oct 2018 05:06:33 GMT" time="1.002" errors="0">
  <testcase name="checkInstance" time="0.937" classname="unitTest.TestExcelFile"/>
  <testcase name="checkInstance1" time="0.065" classname="unitTest.TestExcelFile"/>
</testsuite> <!-- unitTest.TestExcelFile -->
